0 info it worked if it ends with ok
1 verbose cli [ '/usr/local/bin/node', '/usr/local/bin/npm', 'publish' ]
2 info using npm@3.10.9
3 info using node@v7.1.0
4 verbose publish [ '.' ]
5 silly cache add args [ '.', null ]
6 verbose cache add spec .
7 silly cache add parsed spec Result {
7 silly cache add   raw: '.',
7 silly cache add   scope: null,
7 silly cache add   escapedName: null,
7 silly cache add   name: null,
7 silly cache add   rawSpec: '.',
7 silly cache add   spec: '/Users/williamjohnson/Dev/FlexTable',
7 silly cache add   type: 'directory' }
8 verbose addLocalDirectory /Users/williamjohnson/.npm/flextable/1.0.6/package.tgz not in flight; packing
9 verbose correctMkdir /Users/williamjohnson/.npm correctMkdir not in flight; initializing
10 info lifecycle flextable@1.0.6~prepublish: flextable@1.0.6
11 silly lifecycle flextable@1.0.6~prepublish: no script for prepublish, continuing
12 verbose tar pack [ '/Users/williamjohnson/.npm/flextable/1.0.6/package.tgz',
12 verbose tar pack   '/Users/williamjohnson/Dev/FlexTable' ]
13 verbose tarball /Users/williamjohnson/.npm/flextable/1.0.6/package.tgz
14 verbose folder /Users/williamjohnson/Dev/FlexTable
15 verbose addLocalTarball adding from inside cache /Users/williamjohnson/.npm/flextable/1.0.6/package.tgz
16 verbose correctMkdir /Users/williamjohnson/.npm correctMkdir not in flight; initializing
17 silly cache afterAdd flextable@1.0.6
18 verbose afterAdd /Users/williamjohnson/.npm/flextable/1.0.6/package/package.json not in flight; writing
19 verbose correctMkdir /Users/williamjohnson/.npm correctMkdir not in flight; initializing
20 verbose afterAdd /Users/williamjohnson/.npm/flextable/1.0.6/package/package.json written
21 silly publish { name: 'flextable',
21 silly publish   version: '1.0.6',
21 silly publish   description: 'HTML5 Table Solution using FlexGrid',
21 silly publish   main: 'dist/main.min.css',
21 silly publish   dependencies: {},
21 silly publish   devDependencies:
21 silly publish    { 'babel-core': '^6.4.0',
21 silly publish      'babel-preset-es2015': '^6.3.13',
21 silly publish      'browser-sync': '^2.2.1',
21 silly publish      gulp: '^3.9.0',
21 silly publish      'gulp-autoprefixer': '^3.0.1',
21 silly publish      'gulp-clean-css': '^2.0.13',
21 silly publish      'gulp-load-plugins': '^0.10.0',
21 silly publish      'gulp-plumber': '^1.0.1',
21 silly publish      'gulp-rename': '^1.2.2',
21 silly publish      'gulp-size': '^2.1.0',
21 silly publish      'gulp-stylus': '^2.3.1',
21 silly publish      'gulp-useref': '^3.1.0',
21 silly publish      karma: '^0.13.22',
21 silly publish      stylus: '^0.54.2' },
21 silly publish   scripts: { test: 'echo "Error: no test specified" && exit 1' },
21 silly publish   repository:
21 silly publish    { type: 'git',
21 silly publish      url: 'git+https://github.com/wcj3/FlexTable.git' },
21 silly publish   keywords: [ 'flextable' ],
21 silly publish   author: { name: 'Will Johnson' },
21 silly publish   license: 'MIT',
21 silly publish   bugs: { url: 'https://github.com/wcj3/FlexTable/issues' },
21 silly publish   homepage: 'https://github.com/wcj3/FlexTable#readme',
21 silly publish   readme: '# FlexTable \nA responsive, lightweight solution to create tables using Flexbox. \n\n## Why FlexTable?\n\nFlexTable uses [FlexBox] (https://css-tricks.com/snippets/css/a-guide-to-flexbox/#flexbox-background) to create modern & painless tables. Don\'t believe me? Try creating a table with fixed headers and a scrollbar. There are multiple ways to do it [(see here)](http://stackoverflow.com/questions/19559197/how-to-make-scrollable-table-with-fixed-headers-using-css) but they are a bit strange. With FlexTable, you can avoid setting min or max widths and let FlexBox do the heavy lifting. This solution has been thoroughly tested and is currently used in production on a medium-sized corporate application. And it\'s lightweight, currently tipping the scales at 2.91 kB.\n\n## Show Me a Demo\n\nhttps://wcj3.github.io/FlexTable/\n\n## Install\n\nnpm install flextable\n\n## How to use\n\n#### FlexTable with fixed headers and scrollable body\n\n```\n<div class="flextable">\n  <div class="flextable--header flextable--header-fixed">\n    <div class="flextable--row">\n      <div class="flextable--cell"><span>Column 1</span></div>\n      <div class="flextable--cell"><span>Column 2</span></div>\n      <div class="flextable--cell"><span>Super long Column 2, Super long Column 2</span></div>\n    </div>\n  </div>\n  <div class="flextable--body flextable--body-fixed" data-max-height="3">\n    <div class="flextable--row">\n      <div class="flextable--cell">\n        <span class="flextable--data">Lorem ipsum dolor sit amet, </span>\n      </div>\n      <div class="flextable--cell">\n        <span class="flextable--data">Phasellus iaculis nisi est.</span>\n      </div>\n      <div class="flextable--cell">\n        <span class="flextable--data">Aliquam sit amet tortor sed sapien </span>\n      </div>\n    </div>\n   <div class="flextable--row">\n    <div class="flextable--cell">\n      <span class="flextable--data"></span>\n    </div>\n    <div class="flextable--cell">\n      <span class="flextable--data">Phasellus iaculis nisi est.</span>\n    </div>\n    <div class="flextable--cell">\n      <span class="flextable--data">Donec lorem eros, pulvinar vulputate ante vitae, dignissim tempor sapien.</span>\n    </div>\n  </div>            \n </div>\n</div>\n```\n#### Setting max-height of body for fixed tables\nNote: Only 3-6 is currently supported\n\n.flextable--body-fixed[data-max-height=\'5\']\n\n#### Select preset color\nNote: Only light-blue, red, & green are supported\n ```\n <div class="flextable" data-color="red">\n ```\n\n\n\n',
21 silly publish   readmeFilename: 'README.md',
21 silly publish   gitHead: '7c5405ba4af125cf5a1b25f4b273742e5b421de7',
21 silly publish   _id: 'flextable@1.0.6',
21 silly publish   _shasum: 'bbb70f0a2d5eb665b2c28becffd16ee574d8ca93',
21 silly publish   _from: '.' }
22 verbose getPublishConfig undefined
23 silly mapToRegistry name flextable
24 silly mapToRegistry using default registry
25 silly mapToRegistry registry https://registry.npmjs.org/
26 silly mapToRegistry data Result {
26 silly mapToRegistry   raw: 'flextable',
26 silly mapToRegistry   scope: null,
26 silly mapToRegistry   escapedName: 'flextable',
26 silly mapToRegistry   name: 'flextable',
26 silly mapToRegistry   rawSpec: '',
26 silly mapToRegistry   spec: 'latest',
26 silly mapToRegistry   type: 'tag' }
27 silly mapToRegistry uri https://registry.npmjs.org/flextable
28 verbose publish registryBase https://registry.npmjs.org/
29 silly publish uploading /Users/williamjohnson/.npm/flextable/1.0.6/package.tgz
30 verbose request uri https://registry.npmjs.org/flextable
31 verbose request sending authorization for write operation
32 info attempt registry request try #1 at 12:03:58 PM
33 verbose request using bearer token for auth
34 verbose request id ff66d87b34069087
35 http request PUT https://registry.npmjs.org/flextable
36 http 403 https://registry.npmjs.org/flextable
37 verbose headers { 'content-type': 'application/json',
37 verbose headers   'cache-control': 'max-age=300',
37 verbose headers   'content-length': '95',
37 verbose headers   'accept-ranges': 'bytes',
37 verbose headers   date: 'Mon, 23 Jan 2017 20:03:59 GMT',
37 verbose headers   via: '1.1 varnish',
37 verbose headers   connection: 'keep-alive',
37 verbose headers   'x-served-by': 'cache-ord1736-ORD',
37 verbose headers   'x-cache': 'MISS',
37 verbose headers   'x-cache-hits': '0',
37 verbose headers   'x-timer': 'S1485201838.908264,VS0,VE609',
37 verbose headers   vary: 'Accept-Encoding' }
38 verbose request invalidating /Users/williamjohnson/.npm/registry.npmjs.org/flextable on PUT
39 error publish Failed PUT 403
40 verbose stack Error: "You cannot publish over the previously published version 1.0.6." : flextable
40 verbose stack     at makeError (/usr/local/lib/node_modules/npm/node_modules/npm-registry-client/lib/request.js:302:12)
40 verbose stack     at CachingRegistryClient.<anonymous> (/usr/local/lib/node_modules/npm/node_modules/npm-registry-client/lib/request.js:290:14)
40 verbose stack     at Request._callback (/usr/local/lib/node_modules/npm/node_modules/npm-registry-client/lib/request.js:210:14)
40 verbose stack     at Request.self.callback (/usr/local/lib/node_modules/npm/node_modules/request/request.js:187:22)
40 verbose stack     at emitTwo (events.js:106:13)
40 verbose stack     at Request.emit (events.js:191:7)
40 verbose stack     at Request.<anonymous> (/usr/local/lib/node_modules/npm/node_modules/request/request.js:1048:10)
40 verbose stack     at emitOne (events.js:96:13)
40 verbose stack     at Request.emit (events.js:188:7)
40 verbose stack     at IncomingMessage.<anonymous> (/usr/local/lib/node_modules/npm/node_modules/request/request.js:969:12)
41 verbose statusCode 403
42 verbose pkgid flextable
43 verbose cwd /Users/williamjohnson/Dev/FlexTable
44 error Darwin 16.3.0
45 error argv "/usr/local/bin/node" "/usr/local/bin/npm" "publish"
46 error node v7.1.0
47 error npm  v3.10.9
48 error code E403
49 error "You cannot publish over the previously published version 1.0.6." : flextable
50 error If you need help, you may report this error at:
50 error     <https://github.com/npm/npm/issues>
51 verbose exit [ 1, true ]
